2026-03-14 23:40:42,937 | NBADataProcessor | INFO | Pipeline execution initiated.
2026-03-14 23:40:42,962 | NBADataProcessor | INFO | Successfully loaded 7380 records.
2026-03-14 23:40:42,976 | NBADataProcessor | INFO | Cleaning complete. Remaining rows: 0
2026-03-14 23:40:42,978 | NBADataProcessor | INFO | Feature engineering transformation applied.
2026-03-14 23:40:42,978 | NBADataProcessor | CRITICAL | Pipeline failed: Processing resulted in an empty DataFrame.
Traceback (most recent call last):
  File "c:\Users\danyo\Documents\NBA_Predictor\src\processor.py", line 152, in run_pipeline
    self.validate_dataset(enriched_df)
    ~~~~~~~~~~~~~~~~~~~~~^^^^^^^^^^^^^
  File "c:\Users\danyo\Documents\NBA_Predictor\src\processor.py", line 123, in validate_dataset
    raise ValueError("Processing resulted in an empty DataFrame.")
ValueError: Processing resulted in an empty DataFrame.
2026-03-14 23:41:04,359 | NBADataProcessor | INFO | Pipeline execution initiated.
2026-03-14 23:41:04,379 | NBADataProcessor | INFO | Successfully loaded 7380 records.
2026-03-14 23:41:04,393 | NBADataProcessor | INFO | Cleaning complete. Remaining rows: 0
2026-03-14 23:41:04,395 | NBADataProcessor | INFO | Feature engineering transformation applied.
2026-03-14 23:41:04,395 | NBADataProcessor | CRITICAL | Pipeline failed: Processing resulted in an empty DataFrame.
Traceback (most recent call last):
  File "c:\Users\danyo\Documents\NBA_Predictor\src\processor.py", line 152, in run_pipeline
    self.validate_dataset(enriched_df)
    ~~~~~~~~~~~~~~~~~~~~~^^^^^^^^^^^^^
  File "c:\Users\danyo\Documents\NBA_Predictor\src\processor.py", line 123, in validate_dataset
    raise ValueError("Processing resulted in an empty DataFrame.")
ValueError: Processing resulted in an empty DataFrame.
2026-03-14 23:49:04,014 | NBADataProcessor | INFO | Pipeline execution started
2026-03-14 23:49:04,035 | NBADataProcessor | INFO | Loaded dataset with 7380 rows
2026-03-14 23:49:04,035 | NBADataProcessor | INFO | Starting data cleaning stage
2026-03-14 23:49:04,043 | NBADataProcessor | INFO | Removed 0 duplicate rows
2026-03-14 23:49:04,044 | NBADataProcessor | INFO | Column normalization completed
2026-03-14 23:49:04,045 | NBADataProcessor | INFO | Numeric conversion complete
2026-03-14 23:49:04,046 | NBADataProcessor | INFO | Removed 0 rows missing score data
2026-03-14 23:49:04,047 | NBADataProcessor | INFO | Cleaning finished. Remaining rows: 7380
2026-03-14 23:49:04,047 | NBADataProcessor | INFO | Starting feature engineering
2026-03-14 23:49:04,050 | NBADataProcessor | INFO | Feature engineering complete
2026-03-14 23:49:04,050 | NBADataProcessor | INFO | Dataset validation passed
2026-03-14 23:49:04,129 | NBADataProcessor | INFO | Saved processed dataset to data\processed\nba_processed.csv
2026-03-14 23:49:04,130 | NBADataProcessor | INFO | Pipeline execution finished successfully
